<?xml version="1.0" encoding="UTF-8"?>
<!-- Generated by org.testng.reporters.JUnitXMLReporter -->
<testsuite hostname="DESKTOP-ECH1G2J" ignored="1" name="NegativeLoginTest-test" tests="2" failures="0" timestamp="2019-12-09T16:07:36 EET" time="29.369" errors="0">
  <testcase name="incorrectPasswordTest" time="3.139" classname="com.herokuapp.theinternet.login.test.NegativeLoginTest"/>
  <testcase name="incorrectPasswordTest" time="3.443" classname="com.herokuapp.theinternet.login.test.NegativeLoginTest"/>
  <testcase name="incorrectUsenameTest" time="0.0" classname="com.herokuapp.theinternet.login.test.NegativeLoginTest">
    <ignored/>
  </testcase> <!-- incorrectUsenameTest -->
</testsuite> <!-- NegativeLoginTest-test -->
