<?xml version="1.0" encoding="UTF-8"?>
<!-- Generated by org.testng.reporters.JUnitXMLReporter -->
<testsuite hostname="DESKTOP-ECH1G2J" ignored="0" name="NegativeLoginTest.java" tests="3" failures="0" timestamp="2020-01-13T14:10:07 EET" time="36.428" errors="0">
  <testcase name="incorrectPasswordTest" time="0.0" classname="com.herokuapp.theinternet.login.test.NegativeLoginTest">
    <skipped/>
  </testcase> <!-- incorrectPasswordTest -->
  <testcase name="incorrectUsenameTest" time="0.0" classname="com.herokuapp.theinternet.login.test.NegativeLoginTest">
    <skipped/>
  </testcase> <!-- incorrectUsenameTest -->
  <testcase name="incorrectUsenameTest" time="0.0" classname="com.herokuapp.theinternet.login.test.NegativeLoginTest">
    <skipped/>
  </testcase> <!-- incorrectUsenameTest -->
</testsuite> <!-- NegativeLoginTest.java -->
