<?xml version="1.0" encoding="UTF-8"?>
<!-- Generated by org.testng.reporters.JUnitXMLReporter -->
<testsuite hostname="DESKTOP-ECH1G2J" ignored="1" name="LogInTest-Chrome" tests="2" failures="0" timestamp="2019-12-09T17:24:22 EET" time="30.608" errors="0">
  <testcase name="incorrectPasswordTest" time="4.184" classname="com.herokuapp.theinternet.login.test.NegativeLoginTest"/>
  <testcase name="incorrectPasswordTest" time="3.35" classname="com.herokuapp.theinternet.login.test.NegativeLoginTest"/>
  <testcase name="incorrectUsenameTest" time="0.0" classname="com.herokuapp.theinternet.login.test.NegativeLoginTest">
    <ignored/>
  </testcase> <!-- incorrectUsenameTest -->
</testsuite> <!-- LogInTest-Chrome -->
