<?xml version="1.0" encoding="UTF-8"?>
<!-- Generated by org.testng.reporters.JUnitXMLReporter -->
<testsuite hostname="DESKTOP-ECH1G2J" ignored="1" name="LogInTest-FireFox" tests="2" failures="0" timestamp="2019-12-09T17:24:40 EET" time="17.645" errors="0">
  <testcase name="incorrectUsenameTest" time="3.307" classname="com.herokuapp.theinternet.login.test.NegativeLoginTest"/>
  <testcase name="incorrectUsenameTest" time="3.214" classname="com.herokuapp.theinternet.login.test.NegativeLoginTest"/>
  <testcase name="incorrectPasswordTest" time="0.0" classname="com.herokuapp.theinternet.login.test.NegativeLoginTest">
    <ignored/>
  </testcase> <!-- incorrectPasswordTest -->
</testsuite> <!-- LogInTest-FireFox -->
