<?xml version="1.0" encoding="UTF-8"?>
<testng-results skipped="0" failed="0" ignored="0" total="1" passed="1">
  <reporter-output>
  </reporter-output>
  <suite name="JavascriptsErrorSuite" duration-ms="14806" started-at="2019-12-11T16:40:01 EET" finished-at="2019-12-11T16:40:15 EET">
    <groups>
    </groups>
    <test name="JavascriptsErrorTest" duration-ms="14806" started-at="2019-12-11T16:40:01 EET" finished-at="2019-12-11T16:40:15 EET">
      <class name="com.herokuapp.theinternet.miscellaneous.JavascriptErrorsTest">
        <test-method status="PASS" signature="setUp(java.lang.String, org.testng.ITestContext)[pri:0, instance:com.herokuapp.theinternet.miscellaneous.JavascriptErrorsTest@627551fb]" name="setUp" is-config="true" duration-ms="12204" started-at="2019-12-11T16:40:01 EET" finished-at="2019-12-11T16:40:13 EET">
          <params>
            <param index="0">
              <value>
                <![CDATA[chrome]]>
              </value>
            </param>
            <param index="1">
              <value>
                <![CDATA[org.testng.TestRunner@5ccbeb64]]>
              </value>
            </param>
          </params>
          <reporter-output>
          </reporter-output>
        </test-method> <!-- setUp -->
        <test-method status="PASS" signature="testJavascriptErrors()[pri:0, instance:com.herokuapp.theinternet.miscellaneous.JavascriptErrorsTest@627551fb]" name="testJavascriptErrors" duration-ms="1344" started-at="2019-12-11T16:40:13 EET" finished-at="2019-12-11T16:40:14 EET">
          <reporter-output>
          </reporter-output>
        </test-method> <!-- testJavascriptErrors -->
        <test-method status="PASS" signature="thearDown()[pri:0, instance:com.herokuapp.theinternet.miscellaneous.JavascriptErrorsTest@627551fb]" name="thearDown" is-config="true" duration-ms="1198" started-at="2019-12-11T16:40:14 EET" finished-at="2019-12-11T16:40:15 EET">
          <reporter-output>
          </reporter-output>
        </test-method> <!-- thearDown -->
      </class> <!-- com.herokuapp.theinternet.miscellaneous.JavascriptErrorsTest -->
    </test> <!-- JavascriptsErrorTest -->
  </suite> <!-- JavascriptsErrorSuite -->
</testng-results>
